app/app/build/outputs/logs/manifest-merger-debug-report.txt
-- Merging decision tree log ---
manifest
ADDED from src/main/AndroidManifest.xml:16:6-39:12
	xmlns:android
		ADDED from src/main/AndroidManifest.xml:16:16-74
	package
		ADDED from src/main/AndroidManifest.xml:16:157-202
		INJECTED from src/main/AndroidManifest.xml
		INJECTED from src/main/AndroidManifest.xml
	android:versionName
		ADDED from src/main/AndroidManifest.xml:16:130-156
		INJECTED from src/main/AndroidManifest.xml
		INJECTED from src/main/AndroidManifest.xml
	android:versionCode
		ADDED from src/main/AndroidManifest.xml:16:106-129
		INJECTED from src/main/AndroidManifest.xml
		INJECTED from src/main/AndroidManifest.xml
	android:installLocation
		ADDED from src/main/AndroidManifest.xml:16:75-105
supports-screens
ADDED from src/main/AndroidManifest.xml:18:2-49
	android:smallScreens
		ADDED from src/main/AndroidManifest.xml:18:20-47
uses-sdk
ADDED from src/main/AndroidManifest.xml:24:2-69
	android:targetSdkVersion
		ADDED from src/main/AndroidManifest.xml:24:38-67
		INJECTED from src/main/AndroidManifest.xml
		INJECTED from src/main/AndroidManifest.xml
	android:minSdkVersion
		ADDED from src/main/AndroidManifest.xml:24:12-37
		INJECTED from src/main/AndroidManifest.xml
		INJECTED from src/main/AndroidManifest.xml
application
ADDED from src/main/AndroidManifest.xml:26:2-38:16
	android:label
		ADDED from src/main/AndroidManifest.xml:26:111-143
	android:allowBackup
		ADDED from src/main/AndroidManifest.xml:26:15-41
	android:icon
		ADDED from src/main/AndroidManifest.xml:26:77-110
	android:theme
		ADDED from src/main/AndroidManifest.xml:26:176-207
	android:hardwareAccelerated
		ADDED from src/main/AndroidManifest.xml:26:42-76
	android:name
		ADDED from src/main/AndroidManifest.xml:26:144-175
activity#org.solovyev.android.games.game2048.GameActivity
ADDED from src/main/AndroidManifest.xml:28:3-33:14
	android:label
		ADDED from src/main/AndroidManifest.xml:28:83-115
	android:icon
		ADDED from src/main/AndroidManifest.xml:28:49-82
	android:configChanges
		ADDED from src/main/AndroidManifest.xml:28:13-48
	android:name
		ADDED from src/main/AndroidManifest.xml:28:152-180
	android:launchMode
		ADDED from src/main/AndroidManifest.xml:28:116-151
intent-filter#android.intent.action.MAIN+android.intent.category.LAUNCHER
ADDED from src/main/AndroidManifest.xml:29:4-32:20
action#android.intent.action.MAIN
ADDED from src/main/AndroidManifest.xml:30:5-56
	android:name
		ADDED from src/main/AndroidManifest.xml:30:13-54
category#android.intent.category.LAUNCHER
ADDED from src/main/AndroidManifest.xml:31:5-64
	android:name
		ADDED from src/main/AndroidManifest.xml:31:15-62
activity#org.solovyev.android.games.game2048.HighScoresActivity
ADDED from src/main/AndroidManifest.xml:35:3-124
	android:label
		ADDED from src/main/AndroidManifest.xml:35:13-48
	android:theme
		ADDED from src/main/AndroidManifest.xml:35:84-122
	android:name
		ADDED from src/main/AndroidManifest.xml:35:49-83
activity#org.solovyev.android.games.game2048.PreferencesActivity
ADDED from src/main/AndroidManifest.xml:36:3-125
	android:label
		ADDED from src/main/AndroidManifest.xml:36:13-48
	android:theme
		ADDED from src/main/AndroidManifest.xml:36:85-123
	android:name
		ADDED from src/main/AndroidManifest.xml:36:49-84